  Boitata.cpp
  Cacador.cpp
  Chao.cpp
  Ente.cpp
  Entidade.cpp
  Fase.cpp
  FasePrimeira.cpp
  Formigueiro.cpp
C:\Users\diogo\source\repos\jogo-simao\Formigueiro.cpp(34,38): warning C4244: 'argumento': conversão de 'double' para 'float', possível perda de dados
  GerenciadorColisoes.cpp
  GerenciadorGrafico.cpp
C:\Users\diogo\source\repos\jogo-simao\GerenciadorGrafico.cpp(19,20): warning C4244: 'inicializando': conversão de 'double' para 'float', possível perda de dados
  Inimigo.cpp
  Jogador.cpp
  Jogo.cpp
C:\Users\diogo\source\repos\jogo-simao\Jogo.cpp(20,25): warning C4244: 'argumento': conversão de 'time_t' para 'unsigned int', possível perda de dados
  ListaEntidades.cpp
  Macaco.cpp
C:\Users\diogo\source\repos\jogo-simao\Macaco.cpp(12,14): warning C4244: 'argumento': conversão de 'int' para 'float', possível perda de dados
C:\Users\diogo\source\repos\jogo-simao\Macaco.cpp(23,14): warning C4244: 'argumento': conversão de 'int' para 'float', possível perda de dados
  main.cpp
  Menu.cpp
  MenuSelecao.cpp
  Obstaculo.cpp
  Personagem.cpp
  Compilando...
  Fireball.cpp
  Plataforma.cpp
  Tronco.cpp
  Gerando código
  Previous IPDB was built with incompatible compiler, fall back to full compilation.
  All 570 functions were compiled because no usable IPDB/IOBJ from previous compilation was found.
  Finalizada a geração de código
  jogo-simao.vcxproj -> C:\Users\diogo\source\repos\jogo-simao\x64\Release\jogo-simao.exe
